2023-12-14 23:21:33 | [ERROR] | SignUpController | password and confirm password does not match | admin1@gmail.com | 
2023-12-14 23:25:39 | [ERROR] | SignUpController | password and confirm password does not match | admin1@gmail.com | 
2023-12-14 23:25:52 | [INFO] | SELECT `express_portal`.`User`.`id`, `express_portal`.`User`.`name`, `express_portal`.`User`.`email`, `express_portal`.`User`.`email_verified`, `express_portal`.`User`.`phone_number`, `express_portal`.`User`.`password`, `express_portal`.`User`.`role_id` FROM `express_portal`.`User` WHERE (`express_portal`.`User`.`email` = ? AND `express_portal`.`User`.`suspended_at` IS NULL) LIMIT ? OFFSET ? | ["admin1@gmail.com",1,0] | 71ms | 
2023-12-14 23:25:52 | [INFO] | BEGIN | [] | 0ms | 
2023-12-14 23:25:52 | [INFO] | INSERT INTO `express_portal`.`User` (`id`,`name`,`email`,`phone_number`,`role_id`,`password`,`created_at`,`updated_at`) VALUES (?,?,?,?,?,?,?,?) | ["92ef6541-a9f9-483f-9532-ce15b47f5cc9","admin1","admin1@gmail.com","08123456781","1","$2b$10$dri8QQJL9BveY6GXWdLyxOMb1.MRCXkSa6lRZNdKxliIlNdVKjiMO","2023-12-14 15:25:52.176 UTC","2023-12-14 15:25:52.148 UTC"] | 176ms | 
2023-12-14 23:25:52 | [INFO] | ROLLBACK | [] | 1ms | 
2023-12-14 23:25:52 | [ERROR] | internal server error | admin1@gmail.com | PrismaClientKnownRequestError: 
Invalid `prisma.user.create()` invocation in
E:\Kerja\Portal Property\portal-express-api\src\models\user.models.ts:69:28

  66   password,
  67   role_id,
  68 }: CreateUser) => {
→ 69   return await prisma.user.create(
Foreign key constraint failed on the field: `role_id` | 
2023-12-14 23:28:08 | [INFO] | SELECT `express_portal`.`User`.`id`, `express_portal`.`User`.`name`, `express_portal`.`User`.`email`, `express_portal`.`User`.`email_verified`, `express_portal`.`User`.`phone_number`, `express_portal`.`User`.`password`, `express_portal`.`User`.`role_id` FROM `express_portal`.`User` WHERE (`express_portal`.`User`.`email` = ? AND `express_portal`.`User`.`suspended_at` IS NULL) LIMIT ? OFFSET ? | ["admin1@gmail.com",1,0] | 2ms | 
2023-12-14 23:28:08 | [INFO] | BEGIN | [] | 0ms | 
2023-12-14 23:28:08 | [INFO] | INSERT INTO `express_portal`.`User` (`id`,`name`,`email`,`phone_number`,`role_id`,`password`,`created_at`,`updated_at`) VALUES (?,?,?,?,?,?,?,?) | ["beaf6264-9ca8-40d8-ae57-d6f9c451b968","admin1","admin1@gmail.com","08123456781","b9c62669-ac89-453b-aace-42dc1d5ac4c9","$2b$10$20HiFD74FQkr7YGEcGvoE.5Jr7uYm8zui9pz2ZwHTtvgiJKIN5FqC","2023-12-14 15:28:08.366 UTC","2023-12-14 15:28:08.364 UTC"] | 1ms | 
2023-12-14 23:28:08 | [INFO] | SELECT `express_portal`.`User`.`id`, `express_portal`.`User`.`name`, `express_portal`.`User`.`email`, `express_portal`.`User`.`email_verified`, `express_portal`.`User`.`phone_number`, `express_portal`.`User`.`role_id`, `express_portal`.`User`.`password`, `express_portal`.`User`.`suspended_at`, `express_portal`.`User`.`created_at`, `express_portal`.`User`.`updated_at` FROM `express_portal`.`User` WHERE `express_portal`.`User`.`id` = ? LIMIT ? OFFSET ? | ["beaf6264-9ca8-40d8-ae57-d6f9c451b968",1,0] | 0ms | 
2023-12-14 23:28:08 | [INFO] | COMMIT | [] | 123ms | 
2023-12-14 23:28:08 | [INFO] | BEGIN | [] | 0ms | 
2023-12-14 23:28:08 | [INFO] | INSERT INTO `express_portal`.`RefreshToken` (`id`,`token`,`user_id`,`createdAt`) VALUES (?,?,?,?) | ["clq5cuc6w0001e89kxgte3w84","eyJhbGciOiJIUzI1NiIsInR5cCI6IkpXVCJ9.eyJ1c2VyX2lkIjoiYmVhZjYyNjQtOWNhOC00MGQ4LWFlNTctZDZmOWM0NTFiOTY4IiwiaWF0IjoxNzAyNTY3Njg4LCJleHAiOjE3MDMxNzI0ODh9.6KQ6kLcRDRGdrNNvycmEBIcGuZ_AHDUDpwnZ4fA674A","beaf6264-9ca8-40d8-ae57-d6f9c451b968","2023-12-14 15:28:08.504 UTC"] | 1ms | 
2023-12-14 23:28:08 | [INFO] | SELECT `express_portal`.`RefreshToken`.`id`, `express_portal`.`RefreshToken`.`token`, `express_portal`.`RefreshToken`.`user_id`, `express_portal`.`RefreshToken`.`createdAt` FROM `express_portal`.`RefreshToken` WHERE `express_portal`.`RefreshToken`.`id` = ? LIMIT ? OFFSET ? | ["clq5cuc6w0001e89kxgte3w84",1,0] | 0ms | 
2023-12-14 23:28:08 | [INFO] | COMMIT | [] | 22ms | 
2023-12-14 23:28:08 | [INFO] | SignUpController | new user created | admin1@gmail.com | 
2023-12-14 23:29:49 | [INFO] | SELECT 1 | [] | 0ms | 
2023-12-14 23:29:49 | [INFO] | SELECT `express_portal`.`RefreshToken`.`id`, `express_portal`.`RefreshToken`.`token`, `express_portal`.`RefreshToken`.`user_id`, `express_portal`.`RefreshToken`.`createdAt` FROM `express_portal`.`RefreshToken` WHERE (`express_portal`.`RefreshToken`.`token` = ? AND 1=1) LIMIT ? OFFSET ? | ["eyJhbGciOiJIUzI1NiIsInR5cCI6IkpXVCJ9.eyJ1c2VyX2lkIjoiYmVhZjYyNjQtOWNhOC00MGQ4LWFlNTctZDZmOWM0NTFiOTY4IiwiaWF0IjoxNzAyNTY3Njg4LCJleHAiOjE3MDMxNzI0ODh9.6KQ6kLcRDRGdrNNvycmEBIcGuZ_AHDUDpwnZ4fA674A",1,0] | 1ms | 
2023-12-14 23:29:49 | [INFO] | BEGIN | [] | 0ms | 
2023-12-14 23:29:49 | [INFO] | SELECT `express_portal`.`RefreshToken`.`id`, `express_portal`.`RefreshToken`.`token`, `express_portal`.`RefreshToken`.`user_id`, `express_portal`.`RefreshToken`.`createdAt` FROM `express_portal`.`RefreshToken` WHERE (`express_portal`.`RefreshToken`.`token` = ? AND 1=1) LIMIT ? OFFSET ? | ["eyJhbGciOiJIUzI1NiIsInR5cCI6IkpXVCJ9.eyJ1c2VyX2lkIjoiYmVhZjYyNjQtOWNhOC00MGQ4LWFlNTctZDZmOWM0NTFiOTY4IiwiaWF0IjoxNzAyNTY3Njg4LCJleHAiOjE3MDMxNzI0ODh9.6KQ6kLcRDRGdrNNvycmEBIcGuZ_AHDUDpwnZ4fA674A",1,0] | 0ms | 
2023-12-14 23:29:49 | [INFO] | DELETE FROM `express_portal`.`RefreshToken` WHERE (`express_portal`.`RefreshToken`.`token` = ? AND 1=1) | ["eyJhbGciOiJIUzI1NiIsInR5cCI6IkpXVCJ9.eyJ1c2VyX2lkIjoiYmVhZjYyNjQtOWNhOC00MGQ4LWFlNTctZDZmOWM0NTFiOTY4IiwiaWF0IjoxNzAyNTY3Njg4LCJleHAiOjE3MDMxNzI0ODh9.6KQ6kLcRDRGdrNNvycmEBIcGuZ_AHDUDpwnZ4fA674A"] | 3ms | 
2023-12-14 23:29:49 | [INFO] | COMMIT | [] | 44ms | 
2023-12-14 23:29:49 | [INFO] | LogoutController | logout success | beaf6264-9ca8-40d8-ae57-d6f9c451b968 | 
2023-12-14 23:33:43 | [INFO] | SELECT `express_portal`.`User`.`id`, `express_portal`.`User`.`name`, `express_portal`.`User`.`email`, `express_portal`.`User`.`email_verified`, `express_portal`.`User`.`phone_number`, `express_portal`.`User`.`password`, `express_portal`.`User`.`role_id` FROM `express_portal`.`User` WHERE (`express_portal`.`User`.`email` = ? AND `express_portal`.`User`.`suspended_at` IS NULL) LIMIT ? OFFSET ? | ["admin@gmail.com",1,0] | 3ms | 
2023-12-14 23:33:43 | [INFO] | SELECT `express_portal`.`Role`.`id`, `express_portal`.`Role`.`name` FROM `express_portal`.`Role` WHERE `express_portal`.`Role`.`id` IN (?) | ["b9c62669-ac89-453b-aace-42dc1d5ac4c9"] | 2ms | 
2023-12-14 23:33:43 | [INFO] | BEGIN | [] | 0ms | 
2023-12-14 23:33:43 | [INFO] | INSERT INTO `express_portal`.`RefreshToken` (`id`,`token`,`user_id`,`createdAt`) VALUES (?,?,?,?) | ["clq5d1izv0001fgz81511tzun","eyJhbGciOiJIUzI1NiIsInR5cCI6IkpXVCJ9.eyJ1c2VyX2lkIjoiY2ViYjI4N2EtODk1YS00NWI3LTkxNzgtZjEyMGY3YzRiNTVjIiwiaWF0IjoxNzAyNTY4MDIzLCJleHAiOjE3MDMxNzI4MjN9.ecF0Xk6REVJWZ05CLq37tCSr9mYwM-avMka-eEnKwK0","cebb287a-895a-45b7-9178-f120f7c4b55c","2023-12-14 15:33:43.914 UTC"] | 4ms | 
2023-12-14 23:33:43 | [INFO] | SELECT `express_portal`.`RefreshToken`.`id`, `express_portal`.`RefreshToken`.`token`, `express_portal`.`RefreshToken`.`user_id`, `express_portal`.`RefreshToken`.`createdAt` FROM `express_portal`.`RefreshToken` WHERE `express_portal`.`RefreshToken`.`id` = ? LIMIT ? OFFSET ? | ["clq5d1izv0001fgz81511tzun",1,0] | 0ms | 
2023-12-14 23:33:43 | [INFO] | COMMIT | [] | 61ms | 
2023-12-14 23:33:44 | [INFO] | LoginEmailController | login email success | admin@gmail.com | 
2023-12-14 23:33:48 | [INFO] | SELECT `express_portal`.`RefreshToken`.`id`, `express_portal`.`RefreshToken`.`token`, `express_portal`.`RefreshToken`.`user_id`, `express_portal`.`RefreshToken`.`createdAt` FROM `express_portal`.`RefreshToken` WHERE (`express_portal`.`RefreshToken`.`token` = ? AND 1=1) LIMIT ? OFFSET ? | ["eyJhbGciOiJIUzI1NiIsInR5cCI6IkpXVCJ9.eyJ1c2VyX2lkIjoiY2ViYjI4N2EtODk1YS00NWI3LTkxNzgtZjEyMGY3YzRiNTVjIiwiaWF0IjoxNzAyNTY4MDIzLCJleHAiOjE3MDMxNzI4MjN9.ecF0Xk6REVJWZ05CLq37tCSr9mYwM-avMka-eEnKwK0",1,0] | 1ms | 
2023-12-14 23:33:48 | [INFO] | BEGIN | [] | 0ms | 
2023-12-14 23:33:48 | [INFO] | SELECT `express_portal`.`RefreshToken`.`id`, `express_portal`.`RefreshToken`.`token`, `express_portal`.`RefreshToken`.`user_id`, `express_portal`.`RefreshToken`.`createdAt` FROM `express_portal`.`RefreshToken` WHERE (`express_portal`.`RefreshToken`.`token` = ? AND 1=1) LIMIT ? OFFSET ? | ["eyJhbGciOiJIUzI1NiIsInR5cCI6IkpXVCJ9.eyJ1c2VyX2lkIjoiY2ViYjI4N2EtODk1YS00NWI3LTkxNzgtZjEyMGY3YzRiNTVjIiwiaWF0IjoxNzAyNTY4MDIzLCJleHAiOjE3MDMxNzI4MjN9.ecF0Xk6REVJWZ05CLq37tCSr9mYwM-avMka-eEnKwK0",1,0] | 0ms | 
2023-12-14 23:33:48 | [INFO] | DELETE FROM `express_portal`.`RefreshToken` WHERE (`express_portal`.`RefreshToken`.`token` = ? AND 1=1) | ["eyJhbGciOiJIUzI1NiIsInR5cCI6IkpXVCJ9.eyJ1c2VyX2lkIjoiY2ViYjI4N2EtODk1YS00NWI3LTkxNzgtZjEyMGY3YzRiNTVjIiwiaWF0IjoxNzAyNTY4MDIzLCJleHAiOjE3MDMxNzI4MjN9.ecF0Xk6REVJWZ05CLq37tCSr9mYwM-avMka-eEnKwK0"] | 3ms | 
2023-12-14 23:33:48 | [INFO] | COMMIT | [] | 54ms | 
2023-12-14 23:33:48 | [INFO] | LogoutController | logout success | cebb287a-895a-45b7-9178-f120f7c4b55c | 
2023-12-14 23:34:58 | [INFO] | SELECT 1 | [] | 0ms | 
2023-12-14 23:34:58 | [INFO] | SELECT `express_portal`.`User`.`id`, `express_portal`.`User`.`name`, `express_portal`.`User`.`email`, `express_portal`.`User`.`email_verified`, `express_portal`.`User`.`phone_number`, `express_portal`.`User`.`password`, `express_portal`.`User`.`role_id` FROM `express_portal`.`User` WHERE (`express_portal`.`User`.`email` = ? AND `express_portal`.`User`.`suspended_at` IS NULL) LIMIT ? OFFSET ? | ["admin@gmail.com",1,0] | 0ms | 
2023-12-14 23:34:58 | [INFO] | SELECT `express_portal`.`Role`.`id`, `express_portal`.`Role`.`name` FROM `express_portal`.`Role` WHERE `express_portal`.`Role`.`id` IN (?) | ["b9c62669-ac89-453b-aace-42dc1d5ac4c9"] | 0ms | 
2023-12-14 23:34:58 | [INFO] | BEGIN | [] | 0ms | 
2023-12-14 23:34:58 | [INFO] | INSERT INTO `express_portal`.`RefreshToken` (`id`,`token`,`user_id`,`createdAt`) VALUES (?,?,?,?) | ["clq5d34xc0003fgz869yfi74q","eyJhbGciOiJIUzI1NiIsInR5cCI6IkpXVCJ9.eyJ1c2VyX2lkIjoiY2ViYjI4N2EtODk1YS00NWI3LTkxNzgtZjEyMGY3YzRiNTVjIiwiaWF0IjoxNzAyNTY4MDk4LCJleHAiOjE3MDMxNzI4OTh9.PC5WY-d06HCdxO1LmTSQQ0BDQ2Gblc6UTK9VTO18ObU","cebb287a-895a-45b7-9178-f120f7c4b55c","2023-12-14 15:34:58.993 UTC"] | 3ms | 
2023-12-14 23:34:58 | [INFO] | SELECT `express_portal`.`RefreshToken`.`id`, `express_portal`.`RefreshToken`.`token`, `express_portal`.`RefreshToken`.`user_id`, `express_portal`.`RefreshToken`.`createdAt` FROM `express_portal`.`RefreshToken` WHERE `express_portal`.`RefreshToken`.`id` = ? LIMIT ? OFFSET ? | ["clq5d34xc0003fgz869yfi74q",1,0] | 1ms | 
2023-12-14 23:34:59 | [INFO] | COMMIT | [] | 152ms | 
2023-12-14 23:34:59 | [INFO] | LoginEmailController | login email success | admin@gmail.com | 
2023-12-14 23:35:01 | [INFO] | SELECT `express_portal`.`RefreshToken`.`id`, `express_portal`.`RefreshToken`.`token`, `express_portal`.`RefreshToken`.`user_id`, `express_portal`.`RefreshToken`.`createdAt` FROM `express_portal`.`RefreshToken` WHERE (`express_portal`.`RefreshToken`.`token` = ? AND 1=1) LIMIT ? OFFSET ? | ["eyJhbGciOiJIUzI1NiIsInR5cCI6IkpXVCJ9.eyJ1c2VyX2lkIjoiY2ViYjI4N2EtODk1YS00NWI3LTkxNzgtZjEyMGY3YzRiNTVjIiwiaWF0IjoxNzAyNTY4MDk4LCJleHAiOjE3MDMxNzI4OTh9.PC5WY-d06HCdxO1LmTSQQ0BDQ2Gblc6UTK9VTO18ObU",1,0] | 0ms | 
2023-12-14 23:35:01 | [INFO] | BEGIN | [] | 0ms | 
2023-12-14 23:35:01 | [INFO] | INSERT INTO `express_portal`.`RefreshToken` (`id`,`token`,`user_id`,`createdAt`) VALUES (?,?,?,?) | ["clq5d36qr0005fgz84r8hpw24","eyJhbGciOiJIUzI1NiIsInR5cCI6IkpXVCJ9.eyJ1c2VyX2lkIjoiY2ViYjI4N2EtODk1YS00NWI3LTkxNzgtZjEyMGY3YzRiNTVjIiwiaWF0IjoxNzAyNTY4MTAxLCJleHAiOjE3MDMxNzI5MDF9.Y4Pl2TvdGF-QWgZajPtkLz2TMpri-k8tIic5sgD5wFU","cebb287a-895a-45b7-9178-f120f7c4b55c","2023-12-14 15:35:01.347 UTC"] | 4ms | 
2023-12-14 23:35:01 | [INFO] | SELECT `express_portal`.`RefreshToken`.`id`, `express_portal`.`RefreshToken`.`token`, `express_portal`.`RefreshToken`.`user_id`, `express_portal`.`RefreshToken`.`createdAt` FROM `express_portal`.`RefreshToken` WHERE `express_portal`.`RefreshToken`.`id` = ? LIMIT ? OFFSET ? | ["clq5d36qr0005fgz84r8hpw24",1,0] | 0ms | 
2023-12-14 23:35:01 | [INFO] | COMMIT | [] | 121ms | 
2023-12-14 23:35:01 | [INFO] | RefreshTokenController | refresh token success | cebb287a-895a-45b7-9178-f120f7c4b55c | 
2023-12-14 23:35:05 | [INFO] | SELECT `express_portal`.`RefreshToken`.`id`, `express_portal`.`RefreshToken`.`token`, `express_portal`.`RefreshToken`.`user_id`, `express_portal`.`RefreshToken`.`createdAt` FROM `express_portal`.`RefreshToken` WHERE (`express_portal`.`RefreshToken`.`token` = ? AND 1=1) LIMIT ? OFFSET ? | ["eyJhbGciOiJIUzI1NiIsInR5cCI6IkpXVCJ9.eyJ1c2VyX2lkIjoiY2ViYjI4N2EtODk1YS00NWI3LTkxNzgtZjEyMGY3YzRiNTVjIiwiaWF0IjoxNzAyNTY4MTAxLCJleHAiOjE3MDMxNzI5MDF9.Y4Pl2TvdGF-QWgZajPtkLz2TMpri-k8tIic5sgD5wFU",1,0] | 0ms | 
2023-12-14 23:35:05 | [INFO] | BEGIN | [] | 0ms | 
2023-12-14 23:35:05 | [INFO] | INSERT INTO `express_portal`.`RefreshToken` (`id`,`token`,`user_id`,`createdAt`) VALUES (?,?,?,?) | ["clq5d39v50007fgz8dpu95o30","eyJhbGciOiJIUzI1NiIsInR5cCI6IkpXVCJ9.eyJ1c2VyX2lkIjoiY2ViYjI4N2EtODk1YS00NWI3LTkxNzgtZjEyMGY3YzRiNTVjIiwiaWF0IjoxNzAyNTY4MTA1LCJleHAiOjE3MDMxNzI5MDV9.puY8usUE98kLrrzOuEq7PDro1Ufj5-2ic_KgrZIKiF4","cebb287a-895a-45b7-9178-f120f7c4b55c","2023-12-14 15:35:05.394 UTC"] | 0ms | 
2023-12-14 23:35:05 | [INFO] | SELECT `express_portal`.`RefreshToken`.`id`, `express_portal`.`RefreshToken`.`token`, `express_portal`.`RefreshToken`.`user_id`, `express_portal`.`RefreshToken`.`createdAt` FROM `express_portal`.`RefreshToken` WHERE `express_portal`.`RefreshToken`.`id` = ? LIMIT ? OFFSET ? | ["clq5d39v50007fgz8dpu95o30",1,0] | 0ms | 
2023-12-14 23:35:05 | [INFO] | COMMIT | [] | 136ms | 
2023-12-14 23:35:05 | [INFO] | RefreshTokenController | refresh token success | cebb287a-895a-45b7-9178-f120f7c4b55c | 
2023-12-14 23:35:08 | [INFO] | SELECT `express_portal`.`RefreshToken`.`id`, `express_portal`.`RefreshToken`.`token`, `express_portal`.`RefreshToken`.`user_id`, `express_portal`.`RefreshToken`.`createdAt` FROM `express_portal`.`RefreshToken` WHERE (`express_portal`.`RefreshToken`.`token` = ? AND 1=1) LIMIT ? OFFSET ? | ["eyJhbGciOiJIUzI1NiIsInR5cCI6IkpXVCJ9.eyJ1c2VyX2lkIjoiY2ViYjI4N2EtODk1YS00NWI3LTkxNzgtZjEyMGY3YzRiNTVjIiwiaWF0IjoxNzAyNTY4MTA1LCJleHAiOjE3MDMxNzI5MDV9.puY8usUE98kLrrzOuEq7PDro1Ufj5-2ic_KgrZIKiF4",1,0] | 0ms | 
2023-12-14 23:35:08 | [INFO] | BEGIN | [] | 0ms | 
2023-12-14 23:35:08 | [INFO] | SELECT `express_portal`.`RefreshToken`.`id`, `express_portal`.`RefreshToken`.`token`, `express_portal`.`RefreshToken`.`user_id`, `express_portal`.`RefreshToken`.`createdAt` FROM `express_portal`.`RefreshToken` WHERE (`express_portal`.`RefreshToken`.`token` = ? AND 1=1) LIMIT ? OFFSET ? | ["eyJhbGciOiJIUzI1NiIsInR5cCI6IkpXVCJ9.eyJ1c2VyX2lkIjoiY2ViYjI4N2EtODk1YS00NWI3LTkxNzgtZjEyMGY3YzRiNTVjIiwiaWF0IjoxNzAyNTY4MTA1LCJleHAiOjE3MDMxNzI5MDV9.puY8usUE98kLrrzOuEq7PDro1Ufj5-2ic_KgrZIKiF4",1,0] | 0ms | 
2023-12-14 23:35:08 | [INFO] | DELETE FROM `express_portal`.`RefreshToken` WHERE (`express_portal`.`RefreshToken`.`token` = ? AND 1=1) | ["eyJhbGciOiJIUzI1NiIsInR5cCI6IkpXVCJ9.eyJ1c2VyX2lkIjoiY2ViYjI4N2EtODk1YS00NWI3LTkxNzgtZjEyMGY3YzRiNTVjIiwiaWF0IjoxNzAyNTY4MTA1LCJleHAiOjE3MDMxNzI5MDV9.puY8usUE98kLrrzOuEq7PDro1Ufj5-2ic_KgrZIKiF4"] | 3ms | 
2023-12-14 23:35:08 | [INFO] | COMMIT | [] | 127ms | 
2023-12-14 23:35:08 | [INFO] | LogoutController | logout success | cebb287a-895a-45b7-9178-f120f7c4b55c | 
